生成启动时间为 2014/8/10 13:45:29。
     1>项目“D:\WorkSpace\soyomaker\CocosLua\frameworks\libProj\win32\libCocosLua\libCocosLua.vcxproj”在节点 2 上(Build 个目标)。
     1>Lib:
         D:\Microsoft Visual Studio 11.0\VC\bin\Lib.exe /OUT:"D:\WorkSpace\soyomaker\CocosLua\frameworks\runtime-src\proj.win32\Debug.win32\libCocosLua.lib" /NOLOGO Debug\Game.obj
         Debug\JSONElement.obj
         Debug\JSONFormatter.obj
         Debug\JSONParser.obj
         Debug\internalJSONNode.obj
         Debug\JSONAllocator.obj
         Debug\JSONChildren.obj
         Debug\JSONDebug.obj
         Debug\JSONIterators.obj
         Debug\JSONMemory.obj
         Debug\JSONNode.obj
         Debug\JSONNode_Mutex.obj
         Debug\JSONPreparse.obj
         Debug\JSONStream.obj
         Debug\JSONValidator.obj
         Debug\JSONWorker.obj
         Debug\JSONWriter.obj
         Debug\libjson.obj
         Debug\JSONFormatTest.obj
         Debug\JSONParserTest.obj
         Debug\lua_framework_auto.obj
         Debug\NetCenter.obj
         Debug\NetFilter.obj
         Debug\NetHandler.obj
         Debug\NetProtocol.obj
         Debug\NetRequest.obj
         Debug\NetResponse.obj
         Debug\HttpDownloader.obj
         Debug\HttpForm.obj
         Debug\ODSocket.obj
         Debug\Socket.obj
         Debug\GameScene.obj
         Debug\SceneManager.obj
         Debug\UIManager.obj
         Debug\ViewController.obj
         Debug\sqlite3.obj
         Debug\SQLite.obj
         Debug\SQLiteTest.obj
         Debug\Base64.obj
         Debug\Base64Util.obj
         Debug\DBDecryptUtil.obj
         Debug\des.obj
         Debug\DESUtil.obj
         Debug\FileDecryptUtil.obj
         Debug\FileManager.obj
         Debug\LuaUtil.obj
         Debug\md5.obj
         Debug\ResourceManager.obj
     1>JSONPreparse.obj : warning LNK4221: 此对象文件未定义任何之前未定义的公共符号，因此任何耗用此库的链接操作都不会使用此文件
     1>JSONNode_Mutex.obj : warning LNK4221: 此对象文件未定义任何之前未定义的公共符号，因此任何耗用此库的链接操作都不会使用此文件
     1>JSONMemory.obj : warning LNK4221: 此对象文件未定义任何之前未定义的公共符号，因此任何耗用此库的链接操作都不会使用此文件
     1>JSONAllocator.obj : warning LNK4221: 此对象文件未定义任何之前未定义的公共符号，因此任何耗用此库的链接操作都不会使用此文件
         libCocosLua.vcxproj -> D:\WorkSpace\soyomaker\CocosLua\frameworks\runtime-src\proj.win32\Debug.win32\libCocosLua.lib
     1>已完成生成项目“D:\WorkSpace\soyomaker\CocosLua\frameworks\libProj\win32\libCocosLua\libCocosLua.vcxproj”(Build 个目标)的操作。

生成成功。

已用时间 00:00:02.76
