D:\WORKSPACE\SOYOMAKER\COCOSLUA\FRAMEWORKS\LIBPROJ\WIN32\LIBCOCOSLUA\DEBUG\ODSOCKET.OBJ
D:\WORKSPACE\SOYOMAKER\COCOSLUA\FRAMEWORKS\LIBPROJ\WIN32\LIBCOCOSLUA\DEBUG\BASE64.OBJ
D:\WORKSPACE\SOYOMAKER\COCOSLUA\FRAMEWORKS\LIBPROJ\WIN32\LIBCOCOSLUA\DEBUG\DES.OBJ
D:\WORKSPACE\SOYOMAKER\COCOSLUA\FRAMEWORKS\LIBPROJ\WIN32\LIBCOCOSLUA\DEBUG\DESUTIL.OBJ
D:\WORKSPACE\SOYOMAKER\COCOSLUA\FRAMEWORKS\LIBPROJ\WIN32\LIBCOCOSLUA\DEBUG\MD5.OBJ
D:\WORKSPACE\SOYOMAKER\COCOSLUA\FRAMEWORKS\LIBPROJ\WIN32\LIBCOCOSLUA\DEBUG\JSONDEBUG.OBJ
D:\WORKSPACE\SOYOMAKER\COCOSLUA\FRAMEWORKS\LIBPROJ\WIN32\LIBCOCOSLUA\DEBUG\JSONITERATORS.OBJ
D:\WORKSPACE\SOYOMAKER\COCOSLUA\FRAMEWORKS\LIBPROJ\WIN32\LIBCOCOSLUA\DEBUG\JSONMEMORY.OBJ
D:\WORKSPACE\SOYOMAKER\COCOSLUA\FRAMEWORKS\LIBPROJ\WIN32\LIBCOCOSLUA\DEBUG\JSONNODE.OBJ
D:\WORKSPACE\SOYOMAKER\COCOSLUA\FRAMEWORKS\LIBPROJ\WIN32\LIBCOCOSLUA\DEBUG\JSONNODE_MUTEX.OBJ
D:\WORKSPACE\SOYOMAKER\COCOSLUA\FRAMEWORKS\LIBPROJ\WIN32\LIBCOCOSLUA\DEBUG\JSONPREPARSE.OBJ
D:\WORKSPACE\SOYOMAKER\COCOSLUA\FRAMEWORKS\LIBPROJ\WIN32\LIBCOCOSLUA\DEBUG\JSONSTREAM.OBJ
D:\WORKSPACE\SOYOMAKER\COCOSLUA\FRAMEWORKS\LIBPROJ\WIN32\LIBCOCOSLUA\DEBUG\JSONVALIDATOR.OBJ
D:\WORKSPACE\SOYOMAKER\COCOSLUA\FRAMEWORKS\LIBPROJ\WIN32\LIBCOCOSLUA\DEBUG\JSONWORKER.OBJ
D:\WORKSPACE\SOYOMAKER\COCOSLUA\FRAMEWORKS\LIBPROJ\WIN32\LIBCOCOSLUA\DEBUG\JSONWRITER.OBJ
D:\WORKSPACE\SOYOMAKER\COCOSLUA\FRAMEWORKS\LIBPROJ\WIN32\LIBCOCOSLUA\DEBUG\LIBJSON.OBJ
D:\WORKSPACE\SOYOMAKER\COCOSLUA\FRAMEWORKS\LIBPROJ\WIN32\LIBCOCOSLUA\DEBUG\INTERNALJSONNODE.OBJ
D:\WORKSPACE\SOYOMAKER\COCOSLUA\FRAMEWORKS\LIBPROJ\WIN32\LIBCOCOSLUA\DEBUG\JSONALLOCATOR.OBJ
D:\WORKSPACE\SOYOMAKER\COCOSLUA\FRAMEWORKS\LIBPROJ\WIN32\LIBCOCOSLUA\DEBUG\JSONCHILDREN.OBJ
D:\WORKSPACE\SOYOMAKER\COCOSLUA\FRAMEWORKS\LIBPROJ\WIN32\LIBCOCOSLUA\DEBUG\HTTPDOWNLOADER.OBJ
D:\WORKSPACE\SOYOMAKER\COCOSLUA\FRAMEWORKS\LIBPROJ\WIN32\LIBCOCOSLUA\DEBUG\HTTPFORM.OBJ
D:\WORKSPACE\SOYOMAKER\COCOSLUA\FRAMEWORKS\LIBPROJ\WIN32\LIBCOCOSLUA\DEBUG\SOCKET.OBJ
D:\WORKSPACE\SOYOMAKER\COCOSLUA\FRAMEWORKS\LIBPROJ\WIN32\LIBCOCOSLUA\DEBUG\GAMESCENE.OBJ
D:\WORKSPACE\SOYOMAKER\COCOSLUA\FRAMEWORKS\LIBPROJ\WIN32\LIBCOCOSLUA\DEBUG\SCENEMANAGER.OBJ
D:\WORKSPACE\SOYOMAKER\COCOSLUA\FRAMEWORKS\LIBPROJ\WIN32\LIBCOCOSLUA\DEBUG\UIMANAGER.OBJ
D:\WORKSPACE\SOYOMAKER\COCOSLUA\FRAMEWORKS\LIBPROJ\WIN32\LIBCOCOSLUA\DEBUG\VIEWCONTROLLER.OBJ
D:\WORKSPACE\SOYOMAKER\COCOSLUA\FRAMEWORKS\LIBPROJ\WIN32\LIBCOCOSLUA\DEBUG\SQLITE.OBJ
D:\WORKSPACE\SOYOMAKER\COCOSLUA\FRAMEWORKS\LIBPROJ\WIN32\LIBCOCOSLUA\DEBUG\SQLITETEST.OBJ
D:\WORKSPACE\SOYOMAKER\COCOSLUA\FRAMEWORKS\LIBPROJ\WIN32\LIBCOCOSLUA\DEBUG\BASE64UTIL.OBJ
D:\WORKSPACE\SOYOMAKER\COCOSLUA\FRAMEWORKS\LIBPROJ\WIN32\LIBCOCOSLUA\DEBUG\DBDECRYPTUTIL.OBJ
D:\WORKSPACE\SOYOMAKER\COCOSLUA\FRAMEWORKS\LIBPROJ\WIN32\LIBCOCOSLUA\DEBUG\FILEDECRYPTUTIL.OBJ
D:\WORKSPACE\SOYOMAKER\COCOSLUA\FRAMEWORKS\LIBPROJ\WIN32\LIBCOCOSLUA\DEBUG\FILEMANAGER.OBJ
D:\WORKSPACE\SOYOMAKER\COCOSLUA\FRAMEWORKS\LIBPROJ\WIN32\LIBCOCOSLUA\DEBUG\LUAUTIL.OBJ
D:\WORKSPACE\SOYOMAKER\COCOSLUA\FRAMEWORKS\LIBPROJ\WIN32\LIBCOCOSLUA\DEBUG\RESOURCEMANAGER.OBJ
D:\WORKSPACE\SOYOMAKER\COCOSLUA\FRAMEWORKS\LIBPROJ\WIN32\LIBCOCOSLUA\DEBUG\JSONFORMATTEST.OBJ
D:\WORKSPACE\SOYOMAKER\COCOSLUA\FRAMEWORKS\LIBPROJ\WIN32\LIBCOCOSLUA\DEBUG\JSONPARSERTEST.OBJ
D:\WORKSPACE\SOYOMAKER\COCOSLUA\FRAMEWORKS\LIBPROJ\WIN32\LIBCOCOSLUA\DEBUG\LUA_FRAMEWORK_AUTO.OBJ
D:\WORKSPACE\SOYOMAKER\COCOSLUA\FRAMEWORKS\LIBPROJ\WIN32\LIBCOCOSLUA\DEBUG\NETCENTER.OBJ
D:\WORKSPACE\SOYOMAKER\COCOSLUA\FRAMEWORKS\LIBPROJ\WIN32\LIBCOCOSLUA\DEBUG\NETFILTER.OBJ
D:\WORKSPACE\SOYOMAKER\COCOSLUA\FRAMEWORKS\LIBPROJ\WIN32\LIBCOCOSLUA\DEBUG\NETHANDLER.OBJ
D:\WORKSPACE\SOYOMAKER\COCOSLUA\FRAMEWORKS\LIBPROJ\WIN32\LIBCOCOSLUA\DEBUG\NETPROTOCOL.OBJ
D:\WORKSPACE\SOYOMAKER\COCOSLUA\FRAMEWORKS\LIBPROJ\WIN32\LIBCOCOSLUA\DEBUG\NETREQUEST.OBJ
D:\WORKSPACE\SOYOMAKER\COCOSLUA\FRAMEWORKS\LIBPROJ\WIN32\LIBCOCOSLUA\DEBUG\NETRESPONSE.OBJ
D:\WORKSPACE\SOYOMAKER\COCOSLUA\FRAMEWORKS\LIBPROJ\WIN32\LIBCOCOSLUA\DEBUG\GAME.OBJ
D:\WORKSPACE\SOYOMAKER\COCOSLUA\FRAMEWORKS\LIBPROJ\WIN32\LIBCOCOSLUA\DEBUG\JSONELEMENT.OBJ
D:\WORKSPACE\SOYOMAKER\COCOSLUA\FRAMEWORKS\LIBPROJ\WIN32\LIBCOCOSLUA\DEBUG\JSONFORMATTER.OBJ
D:\WORKSPACE\SOYOMAKER\COCOSLUA\FRAMEWORKS\LIBPROJ\WIN32\LIBCOCOSLUA\DEBUG\JSONPARSER.OBJ
D:\WORKSPACE\SOYOMAKER\COCOSLUA\FRAMEWORKS\LIBPROJ\WIN32\LIBCOCOSLUA\DEBUG\VC110.PDB
D:\WORKSPACE\SOYOMAKER\COCOSLUA\FRAMEWORKS\LIBPROJ\WIN32\LIBCOCOSLUA\DEBUG\SQLITE3.OBJ
D:\WORKSPACE\SOYOMAKER\COCOSLUA\FRAMEWORKS\LIBPROJ\WIN32\LIBCOCOSLUA\LIBCOCOSLUA.LIB
D:\WorkSpace\soyomaker\CocosLua\frameworks\libProj\win32\libCocosLua\Debug\libCocosLua.vcxprojResolveAssemblyReference.cache
D:\WorkSpace\soyomaker\CocosLua\frameworks\libProj\win32\libCocosLua\Debug\Base64.obj
D:\WorkSpace\soyomaker\CocosLua\frameworks\libProj\win32\libCocosLua\Debug\Base64Util.obj
D:\WorkSpace\soyomaker\CocosLua\frameworks\libProj\win32\libCocosLua\Debug\DBDecryptUtil.obj
D:\WorkSpace\soyomaker\CocosLua\frameworks\libProj\win32\libCocosLua\Debug\des.obj
D:\WorkSpace\soyomaker\CocosLua\frameworks\libProj\win32\libCocosLua\Debug\DESUtil.obj
D:\WorkSpace\soyomaker\CocosLua\frameworks\libProj\win32\libCocosLua\Debug\FileDecryptUtil.obj
D:\WorkSpace\soyomaker\CocosLua\frameworks\libProj\win32\libCocosLua\Debug\FileManager.obj
D:\WorkSpace\soyomaker\CocosLua\frameworks\libProj\win32\libCocosLua\Debug\Game.obj
D:\WorkSpace\soyomaker\CocosLua\frameworks\libProj\win32\libCocosLua\Debug\GameScene.obj
D:\WorkSpace\soyomaker\CocosLua\frameworks\libProj\win32\libCocosLua\Debug\HttpDownloader.obj
D:\WorkSpace\soyomaker\CocosLua\frameworks\libProj\win32\libCocosLua\Debug\HttpForm.obj
D:\WorkSpace\soyomaker\CocosLua\frameworks\libProj\win32\libCocosLua\Debug\internalJSONNode.obj
D:\WorkSpace\soyomaker\CocosLua\frameworks\libProj\win32\libCocosLua\Debug\JSONAllocator.obj
D:\WorkSpace\soyomaker\CocosLua\frameworks\libProj\win32\libCocosLua\Debug\JSONChildren.obj
D:\WorkSpace\soyomaker\CocosLua\frameworks\libProj\win32\libCocosLua\Debug\JSONDebug.obj
D:\WorkSpace\soyomaker\CocosLua\frameworks\libProj\win32\libCocosLua\Debug\JSONElement.obj
D:\WorkSpace\soyomaker\CocosLua\frameworks\libProj\win32\libCocosLua\Debug\JSONFormatter.obj
D:\WorkSpace\soyomaker\CocosLua\frameworks\libProj\win32\libCocosLua\Debug\JSONFormatTest.obj
D:\WorkSpace\soyomaker\CocosLua\frameworks\libProj\win32\libCocosLua\Debug\JSONIterators.obj
D:\WorkSpace\soyomaker\CocosLua\frameworks\libProj\win32\libCocosLua\Debug\JSONMemory.obj
D:\WorkSpace\soyomaker\CocosLua\frameworks\libProj\win32\libCocosLua\Debug\JSONNode.obj
D:\WorkSpace\soyomaker\CocosLua\frameworks\libProj\win32\libCocosLua\Debug\JSONNode_Mutex.obj
D:\WorkSpace\soyomaker\CocosLua\frameworks\libProj\win32\libCocosLua\Debug\JSONParser.obj
D:\WorkSpace\soyomaker\CocosLua\frameworks\libProj\win32\libCocosLua\Debug\JSONParserTest.obj
D:\WorkSpace\soyomaker\CocosLua\frameworks\libProj\win32\libCocosLua\Debug\JSONPreparse.obj
D:\WorkSpace\soyomaker\CocosLua\frameworks\libProj\win32\libCocosLua\Debug\JSONStream.obj
D:\WorkSpace\soyomaker\CocosLua\frameworks\libProj\win32\libCocosLua\Debug\JSONValidator.obj
D:\WorkSpace\soyomaker\CocosLua\frameworks\libProj\win32\libCocosLua\Debug\JSONWorker.obj
D:\WorkSpace\soyomaker\CocosLua\frameworks\libProj\win32\libCocosLua\Debug\JSONWriter.obj
D:\WorkSpace\soyomaker\CocosLua\frameworks\libProj\win32\libCocosLua\Debug\libjson.obj
D:\WorkSpace\soyomaker\CocosLua\frameworks\libProj\win32\libCocosLua\Debug\LuaUtil.obj
D:\WorkSpace\soyomaker\CocosLua\frameworks\libProj\win32\libCocosLua\Debug\lua_framework_auto.obj
D:\WorkSpace\soyomaker\CocosLua\frameworks\libProj\win32\libCocosLua\Debug\md5.obj
D:\WorkSpace\soyomaker\CocosLua\frameworks\libProj\win32\libCocosLua\Debug\NetCenter.obj
D:\WorkSpace\soyomaker\CocosLua\frameworks\libProj\win32\libCocosLua\Debug\NetFilter.obj
D:\WorkSpace\soyomaker\CocosLua\frameworks\libProj\win32\libCocosLua\Debug\NetHandler.obj
D:\WorkSpace\soyomaker\CocosLua\frameworks\libProj\win32\libCocosLua\Debug\NetProtocol.obj
D:\WorkSpace\soyomaker\CocosLua\frameworks\libProj\win32\libCocosLua\Debug\NetRequest.obj
D:\WorkSpace\soyomaker\CocosLua\frameworks\libProj\win32\libCocosLua\Debug\NetResponse.obj
D:\WorkSpace\soyomaker\CocosLua\frameworks\libProj\win32\libCocosLua\Debug\ODSocket.obj
D:\WorkSpace\soyomaker\CocosLua\frameworks\libProj\win32\libCocosLua\Debug\ResourceManager.obj
D:\WorkSpace\soyomaker\CocosLua\frameworks\libProj\win32\libCocosLua\Debug\SceneManager.obj
D:\WorkSpace\soyomaker\CocosLua\frameworks\libProj\win32\libCocosLua\Debug\Socket.obj
D:\WorkSpace\soyomaker\CocosLua\frameworks\libProj\win32\libCocosLua\Debug\SQLite.obj
D:\WorkSpace\soyomaker\CocosLua\frameworks\libProj\win32\libCocosLua\Debug\sqlite3.obj
D:\WorkSpace\soyomaker\CocosLua\frameworks\libProj\win32\libCocosLua\Debug\SQLiteTest.obj
D:\WorkSpace\soyomaker\CocosLua\frameworks\libProj\win32\libCocosLua\Debug\UIManager.obj
D:\WorkSpace\soyomaker\CocosLua\frameworks\libProj\win32\libCocosLua\Debug\ViewController.obj
D:\WorkSpace\soyomaker\CocosLua\frameworks\libProj\win32\libCocosLua\Debug\cl.command.1.tlog
D:\WorkSpace\soyomaker\CocosLua\frameworks\libProj\win32\libCocosLua\Debug\CL.read.1.tlog
D:\WorkSpace\soyomaker\CocosLua\frameworks\libProj\win32\libCocosLua\Debug\CL.write.1.tlog
D:\WorkSpace\soyomaker\CocosLua\frameworks\libProj\win32\libCocosLua\Debug\Lib-link.read.1.tlog
D:\WorkSpace\soyomaker\CocosLua\frameworks\libProj\win32\libCocosLua\Debug\Lib-link.write.1.tlog
D:\WorkSpace\soyomaker\CocosLua\frameworks\libProj\win32\libCocosLua\Debug\lib.command.1.tlog
D:\WorkSpace\soyomaker\CocosLua\frameworks\libProj\win32\libCocosLua\Debug\vc110.idb
D:\WorkSpace\soyomaker\CocosLua\frameworks\libProj\win32\libCocosLua\Debug\vc110.pdb
D:\WorkSpace\soyomaker\CocosLua\frameworks\libProj\win32\libCocosLua\libCocosLua.lib
